<?xml version="1.0" encoding="UTF-8"?>
<!-- Generated by org.testng.reporters.JUnitXMLReporter -->
<testsuite hostname="user-PC" ignored="0" name="Test" tests="4" failures="0" timestamp="03 Jul 2020 00:38:22 GMT" time="50.236" errors="0">
  <testcase name="basePageNavigation" time="17.218" classname="Academy_3006.HomePage"/>
  <testcase name="basePageNavigation" time="10.101" classname="Academy_3006.HomePage"/>
  <testcase name="validateNavBar" time="7.959" classname="Academy_3006.ValidateNavBar"/>
  <testcase name="validatetitlenavigation" time="10.554" classname="Academy_3006.ValidateTitle"/>
</testsuite> <!-- Test -->
