-------------------------------------------------------------------------------
Test set: TestSuite
-------------------------------------------------------------------------------
Tests run: 4, Failures: 1, Errors: 0, Skipped: 0, Time elapsed: 86.256 s <<< FAILURE! - in TestSuite
Academy_3006.ValidateTitle.validatetitlenavigation  Time elapsed: 70.008 s  <<< FAILURE!
java.lang.AssertionError: expected [FEATURED COURSES123] but found [FEATURED COURSES]
	at Academy_3006.ValidateTitle.validatetitlenavigation(ValidateTitle.java:26)

