<?xml version="1.0" encoding="UTF-8"?>
<testsuite xmlns:xsi="http://www.w3.org/2001/XMLSchema-instance" xsi:noNamespaceSchemaLocation="https://maven.apache.org/surefire/maven-surefire-plugin/xsd/surefire-test-report-3.0.xsd" version="3.0" name="TestSuite" time="86.256" tests="4" errors="0" skipped="0" failures="1">
  <properties>
[...]
</properties>
  <testcase name="validateNavBar" classname="Academy_3006.ValidateNavBar" time="66.784">
    <system-err><![CDATA[Starting ChromeDriver 83.0.4103.39 (ccbf011cb2d2b19b506d84440048386St1ar3t4in2g cC2hr0ocmedD-rrievefs/rb 8r3.a0n.4c1h03-.h3eads/4103@{#416}) on port 11152
Only local connectio9 ns( cacbrfe0 a1l1lcbow2ded2.b1
9Pbl5e0a6sed 8s4e4e40 h04t83tp8s6:13//42chc2ro0cmde-drreifvesr/.bcrharnocmh-iuhema.odrsg//41se0c3@ur{i#4t1y-6c})o nsonid eproratti 1o5n5s8 f
oOrn sluy glgeosctail oncos nonenc kteioenpsi narg e CahlrlomoewDedr.iv
ePr lseaafsee. s
ee https://chromedriver.chromium.org/security-considerations for suggestions on keeping ChromeDriver safe.
Starting ChromeDriver 83.0.4103.39 (ccbf011cb2d2b19b506d844400483861342c20cd-refs/branch-heads/4103@{#416}) on port 19143
Only local connections are allowed.
Please see https://chromedriver.chromium.org/security-considerations for suggestions on keeping ChromeDriver safe.
ChromeDriverC hwroamseD rivesr twaasr sttaertded  ssucuccescsfeusllsy.f
ully.
ChromeDriver was started successfully.
[1595770713.746][WARNING]: This version of ChromeDriver has not been tested with Chrome version 84.
[1595770714.204][WARNING]: This version of ChromeDriver has not been tested with Chrome version 84.
[1595770714.298][WARNING]: This version of ChromeDriver has not been tested with Chrome version 84.
Jul 26, 2020 7:08:54 PM org.openqa.selenium.remote.ProtocolHandshake createSession
INFO: Detected dialect: W3C
Jul 26, 2020 7:08:54 PM org.openqa.selenium.remote.ProtocolHandshake createSession
INFO: Detected dialect: W3C
Jul 26, 2020 7:08:54 PM org.openqa.selenium.remote.ProtocolHandshake createSession
INFO: Detected dialect: W3C
]]></system-err>
  </testcase>
  <testcase name="validatetitlenavigation" classname="Academy_3006.ValidateTitle" time="70.008">
    <failure message="expected [FEATURED COURSES123] but found [FEATURED COURSES]" type="java.lang.AssertionError"><![CDATA[java.lang.AssertionError: expected [FEATURED COURSES123] but found [FEATURED COURSES]
	at Academy_3006.ValidateTitle.validatetitlenavigation(ValidateTitle.java:26)
]]></failure>
  </testcase>
  <testcase name="basePageNavigation[nayan.kumar@morrisonsplc.co.uk, 123456, Restricted User](1)" classname="Academy_3006.HomePage" time="74.041"/>
  <testcase name="basePageNavigation[ronith.gund@morrisonsplc.co.uk, 1234567, Non Restricted User](2)" classname="Academy_3006.HomePage" time="10.807">
    <system-err><![CDATA[Starting ChromeDriver 83.0.4103.39 (ccbf011cb2d2b19b506d844400483861342c20cd-refs/branch-heads/4103@{#416}) on port 48060
Only local connections are allowed.
Please see https://chromedriver.chromium.org/security-considerations for suggestions on keeping ChromeDriver safe.
ChromeDriver was started successfully.
[1595770785.295][WARNING]: This version of ChromeDriver has not been tested with Chrome version 84.
Jul 26, 2020 7:09:46 PM org.openqa.selenium.remote.ProtocolHandshake createSession
INFO: Detected dialect: W3C
]]></system-err>
  </testcase>
</testsuite>