<?xml version="1.0" encoding="UTF-8"?>
<testng-results skipped="0" failed="0" ignored="0" total="1" passed="1">
  <reporter-output>
  </reporter-output>
  <suite name="Default suite" duration-ms="10117" started-at="2020-09-12T12:21:59Z" finished-at="2020-09-12T12:22:09Z">
    <groups>
    </groups>
    <test name="Default test" duration-ms="10117" started-at="2020-09-12T12:21:59Z" finished-at="2020-09-12T12:22:09Z">
      <class name="Academy_3006.ValidateNavBar">
        <test-method status="PASS" signature="validateNavBar()[pri:0, instance:Academy_3006.ValidateNavBar@14cd1699]" name="validateNavBar" duration-ms="8010" started-at="2020-09-12T12:21:59Z" finished-at="2020-09-12T12:22:07Z">
          <reporter-output>
          </reporter-output>
        </test-method> <!-- validateNavBar -->
        <test-method status="PASS" signature="closeBrowser()[pri:0, instance:Academy_3006.ValidateNavBar@14cd1699]" name="closeBrowser" is-config="true" duration-ms="2062" started-at="2020-09-12T12:22:07Z" finished-at="2020-09-12T12:22:09Z">
          <reporter-output>
          </reporter-output>
        </test-method> <!-- closeBrowser -->
      </class> <!-- Academy_3006.ValidateNavBar -->
    </test> <!-- Default test -->
  </suite> <!-- Default suite -->
</testng-results>
